<?xml version="1.0" encoding="UTF-8"?>
<!-- Generated by org.testng.reporters.JUnitReportReporter -->
<testsuite hostname="Alexanders-MacBook-Pro.local" failures="0" tests="1" name="com.selenium.pop.LoginTest" time="28.467" errors="0" timestamp="2021-07-22T15:09:20 EDT" skipped="0">
  <testcase classname="com.selenium.pop.LoginTest" name="loginTest" time="28.467"/>
  <system-out/>
</testsuite> <!-- com.selenium.pop.LoginTest -->
